<?xml version="1.0" encoding="UTF-8"?>
<testsuites>
  <testsuite name="Session/" tests="4" assertions="5" failures="0" errors="0" time="0.002157">
    <testsuite name="PPI_SessionTest" file="/Users/rave/opensource/ppi/forks/PPI_SESSION/Test/Session/SessionTest.php" fullPackage="Core" package="Core" tests="4" assertions="5" failures="0" errors="0" time="0.002157">
      <testcase name="testSet" class="PPI_SessionTest" file="/Users/rave/opensource/ppi/forks/PPI_SESSION/Test/Session/SessionTest.php" line="23" assertions="1" time="0.001362"/>
      <testcase name="testExists" class="PPI_SessionTest" file="/Users/rave/opensource/ppi/forks/PPI_SESSION/Test/Session/SessionTest.php" line="29" assertions="2" time="0.000669"/>
      <testcase name="testRemove" class="PPI_SessionTest" file="/Users/rave/opensource/ppi/forks/PPI_SESSION/Test/Session/SessionTest.php" line="39" assertions="1" time="0.000061"/>
      <testcase name="testRemoveAll" class="PPI_SessionTest" file="/Users/rave/opensource/ppi/forks/PPI_SESSION/Test/Session/SessionTest.php" line="45" assertions="1" time="0.000065"/>
    </testsuite>
  </testsuite>
</testsuites>
